0.0000000000000000e+00 0 0 0 0.0000000000000000e+00 1.0000000000000000e+20 - 0.0000000000000000e+00 - 0.0000000000000000e+00 0.0000000000000000e+00 0.0000000000000000e+00
9.9999999999999995e-07 1 0 0.0000000000000000e+00 0.0000000000000000e+00 1.0000000000000000e+20 - 0.0000000000000000e+00 1.4996528625488281e-04 - 0.0000000000000000e+00 0.0000000000000000e+00
3.0000000000000001e-06 2 0 0.0000000000000000e+00 0.0000000000000000e+00 1.0000000000000000e+20 - 0.0000000000000000e+00 8.0584406852722168e-01 - 0.0000000000000000e+00 0.0000000000000000e+00
6.9999999999999999e-06 3 0 0.0000000000000000e+00 0.0000000000000000e+00 1.0000000000000000e+20 - 0.0000000000000000e+00 7.5093698501586914e-01 - 0.0000000000000000e+00 0.0000000000000000e+00
1.4999999999999999e-05 4 0 0.0000000000000000e+00 0.0000000000000000e+00 1.0000000000000000e+20 - 0.0000000000000000e+00 7.9398393630981445e-01 - 0.0000000000000000e+00 0.0000000000000000e+00
3.0999999999999995e-05 5 0 0.0000000000000000e+00 0.0000000000000000e+00 1.0000000000000000e+20 - 0.0000000000000000e+00 6.9488286972045898e-01 - 0.0000000000000000e+00 0.0000000000000000e+00
6.2999999999999986e-05 6 0 0.0000000000000000e+00 0.0000000000000000e+00 1.0000000000000000e+20 - 0.0000000000000000e+00 7.2331094741821289e-01 - 0.0000000000000000e+00 0.0000000000000000e+00
1.2700000000000000e-04 7 0 0.0000000000000000e+00 0.0000000000000000e+00 1.0000000000000000e+20 - 0.0000000000000000e+00 7.9594802856445312e-01 - 0.0000000000000000e+00 0.0000000000000000e+00
2.5500000000000002e-04 8 0 0.0000000000000000e+00 0.0000000000000000e+00 1.0000000000000000e+20 - 0.0000000000000000e+00 6.7829585075378418e-01 - 0.0000000000000000e+00 0.0000000000000000e+00
5.1099999999999995e-04 9 0 0.0000000000000000e+00 0.0000000000000000e+00 1.0000000000000000e+20 - 0.0000000000000000e+00 7.0220398902893066e-01 - 0.0000000000000000e+00 0.0000000000000000e+00
1.0230000000000000e-03 10 0 0.0000000000000000e+00 0.0000000000000000e+00 1.0000000000000000e+20 - 0.0000000000000000e+00 8.4854102134704590e-01 - 0.0000000000000000e+00 0.0000000000000000e+00
2.0470000000000002e-03 11 0 0.0000000000000000e+00 0.0000000000000000e+00 1.0000000000000000e+20 - 0.0000000000000000e+00 7.1697998046875000e-01 - 0.0000000000000000e+00 0.0000000000000000e+00
4.0949999999999997e-03 12 0 0.0000000000000000e+00 0.0000000000000000e+00 1.0000000000000000e+20 - 0.0000000000000000e+00 6.9055104255676270e-01 - 0.0000000000000000e+00 0.0000000000000000e+00
8.1910000000000004e-03 13 0 0.0000000000000000e+00 0.0000000000000000e+00 1.0000000000000000e+20 - 0.0000000000000000e+00 7.1984100341796875e-01 - 0.0000000000000000e+00 0.0000000000000000e+00
1.6383000000000002e-02 14 0 0.0000000000000000e+00 0.0000000000000000e+00 1.0000000000000000e+20 - 0.0000000000000000e+00 9.0049099922180176e-01 - 0.0000000000000000e+00 0.0000000000000000e+00
3.2767000000000004e-02 15 0 0.0000000000000000e+00 0.0000000000000000e+00 1.0000000000000000e+20 - 0.0000000000000000e+00 7.4846005439758301e-01 - 0.0000000000000000e+00 0.0000000000000000e+00
6.5535000000000010e-02 16 0 0.0000000000000000e+00 0.0000000000000000e+00 1.0000000000000000e+20 - 0.0000000000000000e+00 7.3470187187194824e-01 - 0.0000000000000000e+00 0.0000000000000000e+00
1.3107099999999999e-01 17 0 0.0000000000000000e+00 0.0000000000000000e+00 1.0000000000000000e+20 - 0.0000000000000000e+00 8.1086492538452148e-01 - 0.0000000000000000e+00 0.0000000000000000e+00
2.6214300000000001e-01 18 0 0.0000000000000000e+00 0.0000000000000000e+00 1.0000000000000000e+20 - 0.0000000000000000e+00 7.7826690673828125e-01 - 0.0000000000000000e+00 0.0000000000000000e+00
5.2428699999999995e-01 19 0 0.0000000000000000e+00 0.0000000000000000e+00 1.0000000000000000e+20 - 0.0000000000000000e+00 7.8228378295898438e-01 - 0.0000000000000000e+00 0.0000000000000000e+00
1.0485750000000000e+00 20 0 0.0000000000000000e+00 0.0000000000000000e+00 1.0000000000000000e+20 - 0.0000000000000000e+00 7.7337813377380371e-01 - 0.0000000000000000e+00 0.0000000000000000e+00
2.0971510000000002e+00 21 0 0.0000000000000000e+00 0.0000000000000000e+00 1.0000000000000000e+20 - 0.0000000000000000e+00 7.4171900749206543e-01 - 0.0000000000000000e+00 0.0000000000000000e+00
4.1943029999999997e+00 22 0 0.0000000000000000e+00 0.0000000000000000e+00 1.0000000000000000e+20 - 0.0000000000000000e+00 7.9517912864685059e-01 - 0.0000000000000000e+00 0.0000000000000000e+00
8.3886070000000004e+00 23 0 0.0000000000000000e+00 0.0000000000000000e+00 1.0000000000000000e+20 - 0.0000000000000000e+00 7.3783493041992188e-01 - 0.0000000000000000e+00 0.0000000000000000e+00
1.6777214999999998e+01 24 0 0.0000000000000000e+00 0.0000000000000000e+00 1.0000000000000000e+20 - 0.0000000000000000e+00 7.4383783340454102e-01 - 0.0000000000000000e+00 0.0000000000000000e+00
3.3554430999999994e+01 25 0 0.0000000000000000e+00 0.0000000000000000e+00 1.0000000000000000e+20 - 0.0000000000000000e+00 8.3814001083374023e-01 - 0.0000000000000000e+00 0.0000000000000000e+00
6.7108862999999985e+01 26 0 0.0000000000000000e+00 0.0000000000000000e+00 1.0000000000000000e+20 - 0.0000000000000000e+00 6.7276000976562500e-01 - 0.0000000000000000e+00 0.0000000000000000e+00
1.3421772699999997e+02 27 0 0.0000000000000000e+00 0.0000000000000000e+00 1.0000000000000000e+20 - 0.0000000000000000e+00 7.5101113319396973e-01 - 0.0000000000000000e+00 0.0000000000000000e+00
